[2025-08-15 05:16:04] New user tonmoy (Admin) registered with ID USR0001.
[2025-08-15 05:16:20] User tonmoy (Admin) logged in.
[2025-08-15 09:58:06] New user abcd (Admin) registered with ID USR0002.
[2025-08-15 09:58:35] User abcd (Admin) logged in.
[2025-08-15 09:59:06] User abcd (Admin) logged in.
[2025-08-15 10:30:25] New user registered.
[2025-08-15 10:30:36] User logged in successfully.
[2025-08-15 10:31:43] New user registered.
[2025-08-15 10:31:55] User logged in successfully.
[2025-08-15 10:32:18] New user registered.
[2025-08-15 10:32:37] User logged in successfully.
[2025-08-15 10:32:54] New user registered.
[2025-08-15 10:33:02] User logged in successfully.
[2025-08-15 10:58:51] User logged in successfully.
[2025-08-15 10:59:50] User logged in successfully.
[2025-08-15 11:00:07] User logged in successfully.
[2025-08-15 11:02:28] New user registered.
[2025-08-15 11:02:38] New user registered.
[2025-08-15 11:03:06] User logged in successfully.
[2025-08-15 11:16:20] User logged in successfully.
[2025-08-15 11:16:41] New user registered.
[2025-08-15 11:17:17] User role changed.
[2025-08-15 11:17:50] User logged in successfully.
[2025-08-15 11:19:02] New customer added.
[2025-08-15 11:20:01] Customer details updated.
[2025-08-15 11:21:06] User logged in successfully.
[2025-08-15 11:21:24] User logged in successfully.
[2025-08-15 11:22:15] User logged in successfully.
[2025-08-15 11:23:16] Customer details updated.
[2025-08-15 11:23:41] New customer added.
[2025-08-15 11:24:27] Customer details updated.
[2025-08-15 11:25:17] User logged in successfully.
[2025-08-15 11:25:48] New vehicle added.
[2025-08-15 11:26:09] User logged in successfully.
